<?xml version="1.0" encoding="UTF-8"?>
<!-- Generated by org.testng.reporters.JUnitReportReporter -->
<testsuite skipped="0" hostname="LAPTOP-D3528CHI" name="com.pack.pages.DataTesting" tests="1" failures="0" timestamp="19 Aug 2020 13:03:56 GMT" time="0.014" errors="0">
  <testcase name="test1" time="0.014" classname="com.pack.pages.DataTesting"/>
</testsuite> <!-- com.pack.pages.DataTesting -->
